This is pdfTeX, Version 3.141592653-2.6-1.40.25 (TeX Live 2023) (preloaded format=pdftex 2024.1.24)  15 OCT 2024 18:06
entering extended mode
 restricted \write18 enabled.
 %&-line parsing enabled.
**Assignment_3(1).log
(./Assignment_3(1).log)
*
(Please type a command or say `\end')
*
(Please type a command or say `\end')
*
(Please type a command or say `\end')
*q

*\end
[1{/Users/raulrodriguez/Library/TinyTeX/texmf-var/fonts/map/pdftex/updmap/pdftex.map}]</Users/raulrodriguez/Library/TinyTeX/texmf-dist/fonts/type1/public/amsfonts/cm/cmr10.pfb>
Output written on Assignment_3(1).pdf (1 page, 10208 bytes).
PDF statistics:
 12 PDF objects out of 1000 (max. 8388607)
 7 compressed objects within 1 object stream
 0 named destinations out of 1000 (max. 500000)
 1 words of extra memory for PDF output out of 10000 (max. 10000000)

